PRSolve, part of the GPS ToolKit, Ver 2.3 11/09, Run 2015/01/30 21:09:43

Here is the PRSolve configuration:
 # Input:
 Obs directory is ''
 RINEX observation files are:
   LRZ-011m18.14o
 Nav directory is ''
 navigation files are:
   LRZ-011m00.14N
 No input meteorological data
 Ithing time interval is 0
 'Use C/A' flag is set
 # Configuration:
 Process frequency L3, which is the ionosphere-free combination of L1 and L2.
 Minimum elevation angle is 0 degrees.
 Trop model: NB and weather (T,P,RH): 20,1013,50
 ------ PRSolution configuration:
  Limit on RMS solution residual (m) = 6.5
  Limit on RAIM 'slope' = 100
  Use algebraic algorithm is false
  Residual criterion is RMS residuals
  Return-at-once option is off
  Maximum number of rejected satellites is unlimited
  Maximum iterations in linearized least squares (LLS) is 10
  RSS convergence criterion (meters) in LLS is 3e-007
 ------ End of PRSolution configuration.
 # Output:
 Log file is prs.log
 Output tags RPF
 Output format for time tags (cf. class DayTime) is %4F %10.3g
 # RINEX output:
 Output RINEX 'RUN BY' is GPSTk
End of PRSolve configuration summary

Added 1 ephemeris files to store.
Dump of SP3EphemerisStore:
Dump of TabularEphemerisStore:
 Data stored for 0 satellites, over time span 01/01/4713 00:00:00 to 01/01/-4713 00:00:00.
Dump of GPSEphemerisStore:
 Span is 01/11/2014 10:00:00 to 01/11/2014 16:00:00 with 13 entries.
Warning - Saastamoinen and New B tropospheric models require latitude, height and day of year - guessing.
Opened input file LRZ-011m18.14o
Here is the input header for file LRZ-011m18.14o
---------------------------------- REQUIRED ----------------------------------
Rinex Version  2.10,  File type OBSERVATION DATA,  System M (Mixed).
Prgm: OSPtoRINEX,  Run: 20150130 205619 LCL,  By: FC
Marker name: CumbreIGN.
Obs'r : N/A,  Agency: N/A
Rec#: GSD4e_4.0.4-P1 08/13,  Type: SiRFIV,  Vers: GSD4e_4.0.4-P1 08/13
Antenna # : N/A,  Type : UNKNOWN
Position (XYZ,m) : (4846255.0000, -330728.0000, 4120734.0000).
Antenna offset (ENU,m) : (0.0000, 0.0000, 0.0000).
Wavelength factors (default) L1:1, L2: 0.
Observation types (4) :
 Type #0 = C1 C/A-code pseudorange (meters).
 Type #1 = L1 L1 Carrier Phase (L1 cycles).
 Type #2 = D1 Doppler Frequency L1 (Hz).
 Type #3 = S1 Signal-to-Noise L1 (dB-Hz).
Time of first obs 2014/01/11 12:18:47.0000000 GPS
(This header is VALID 2.11 Rinex.)
---------------------------------- OPTIONAL ----------------------------------
Marker number : VG55889
Interval =   1.000
Comments (0) :
-------------------------------- END OF HEADER -------------------------------
Warning: file LRZ-011m18.14o does not contain P1 (useCA is T) P2 L2
WARNING. Unable to process L3 data - no L2.
Process frequency 1
RPF  0 1774 562727.000 10   4846257.782759   -330728.774791   4120739.137455       2.248162     2.582064   3.2 6 1.09e-008   1   4  10  11  13  17  20  23  31  32 (0) V
RPF  0 1774 562728.000 10   4846259.272269   -330729.394250   4120741.678080       3.794276     2.718172   3.2 6 9.77e-009   1   4  10  11  13  17  20  23  31  32 (0) V
RPF  0 1774 562729.000 10   4846260.202851   -330728.864303   4120741.527355       4.104386     2.559549   3.2 6 1.41e-008   1   4  10  11  13  17  20  23  31  32 (0) V
RPF  0 1774 562730.000 10   4846256.683729   -330728.666386   4120738.015809       0.552944     3.212278   3.2 6 7.57e-009   1   4  10  11  13  17  20  23  31  32 (0) V
RPF  0 1774 562731.000 10   4846257.531769   -330728.251999   4120737.754796       1.002753     3.189299   3.2 6 1.24e-008   1   4  10  11  13  17  20  23  31  32 (0) V
RPF  0 1774 562732.000 10   4846258.512504   -330728.564519   4120739.928688       2.853052     3.044770   3.2 6 1.46e-008   1   4  10  11  13  17  20  23  31  32 (0) V
RPF  0 1774 562733.000 10   4846260.005417   -330727.979004   4120741.080703       3.877680     3.172557   3.2 6 5.44e-009   1   4  10  11  13  17  20  23  31  32 (0) V
RPF  0 1774 562734.000 10   4846258.361777   -330728.154891   4120738.815017       2.376978     2.881759   3.2 6 5.83e-009   1   4  10  11  13  17  20  23  31  32 (0) V
RPF  0 1774 562735.000 10   4846256.881963   -330727.756519   4120737.930048       0.718117     3.203084   3.2 6 1.95e-009   1   4  10  11  13  17  20  23  31  32 (0) V
RPF  0 1774 562736.000 10   4846256.480002   -330727.068061   4120740.719079       1.373377     2.914796   3.2 6 3.64e-009   1   4  10  11  13  17  20  23  31  32 (0) V
RPF  0 1774 562737.000 10   4846257.026367   -330728.577814   4120741.398213       2.801005     3.141296   3.2 6 1.06e-008   1   4  10  11  13  17  20  23  31  32 (0) V
RPF  0 1774 562738.000 10   4846258.233385   -330727.558777   4120740.414729       2.170103     2.907593   3.2 6 7.70e-009   1   4  10  11  13  17  20  23  31  32 (0) V
RPF  0 1774 562739.000 10   4846257.929413   -330727.779125   4120739.506596       2.202425     2.473071   3.2 6 5.53e-009   1   4  10  11  13  17  20  23  31  32 (0) V
RPF  0 1774 562740.000 10   4846258.326551   -330727.085952   4120741.236136       3.120355     2.803800   3.2 6 7.99e-009   1   4  10  11  13  17  20  23  31  32 (0) V
RPF  0 1774 562741.000 10   4846259.006428   -330728.149501   4120742.674762       3.955971     2.513636   3.2 6 7.92e-009   1   4  10  11  13  17  20  23  31  32 (0) V
RPF  0 1774 562742.000 10   4846258.153212   -330727.972291   4120741.025469       2.841579     2.685954   3.2 6 1.20e-008   1   4  10  11  13  17  20  23  31  32 (0) V
RPF  0 1774 562743.000 10   4846258.873145   -330727.220260   4120742.156120       3.745220     2.787559   3.2 6 8.08e-009   1   4  10  11  13  17  20  23  31  32 (0) V
RPF  0 1774 562744.000 10   4846256.880548   -330727.683147   4120739.170153       0.807283     3.375539   3.2 6 1.02e-008   1   4  10  11  13  17  20  23  31  32 (0) V
RPF  0 1774 562745.000 10   4846255.910552   -330728.895604   4120741.188113       0.821872     3.210942   3.2 6 4.92e-009   1   4  10  11  13  17  20  23  31  32 (0) V
RPF  0 1774 562746.000 10   4846255.929377   -330728.173079   4120741.144735       0.890826     2.943219   3.2 6 4.15e-009   1   4  10  11  13  17  20  23  31  32 (0) V
RPF  0 1774 562747.000 10   4846255.561442   -330728.373730   4120740.638867       0.457679     3.453842   3.2 6 1.45e-008   1   4  10  11  13  17  20  23  31  32 (0) V
RPF  0 1774 562748.000 10   4846258.381876   -330728.592813   4120741.573392       3.301556     2.462627   3.2 6 6.12e-009   1   4  10  11  13  17  20  23  31  32 (0) V
RPF  0 1774 562749.000 10   4846259.380687   -330729.047871   4120741.859263       3.684599     2.066037   3.2 6 1.54e-008   1   4  10  11  13  17  20  23  31  32 (0) V
RPF  0 1774 562750.000 10   4846257.787057   -330728.626229   4120742.714626       3.448495     2.748454   3.2 6 5.36e-009   1   4  10  11  13  17  20  23  31  32 (0) V
RPF  0 1774 562751.000 10   4846256.967211   -330728.543341   4120742.382950       2.987566     2.269490   3.2 6 1.54e-008   1   4  10  11  13  17  20  23  31  32 (0) V
RPF  0 1774 562752.000 10   4846256.302592   -330728.432334   4120738.858377       1.184878     2.115423   3.2 6 7.08e-009   1   4  10  11  13  17  20  23  31  32 (0) V
RPF  0 1774 562753.000 10   4846257.199119   -330729.234090   4120741.789946       2.882767     2.666880   3.2 6 8.04e-009   1   4  10  11  13  17  20  23  31  32 (0) V
RPF  0 1774 562754.000 10   4846257.624871   -330729.057667   4120742.062999       3.205230     2.405527   3.2 6 5.84e-009   1   4  10  11  13  17  20  23  31  32 (0) V
RPF  0 1774 562755.000 10   4846256.646055   -330729.154477   4120741.178076       2.359318     2.428728   3.2 6 7.88e-009   1   4  10  11  13  17  20  23  31  32 (0) V
RPF  0 1774 562756.000 10   4846255.317762   -330728.493473   4120738.592306      -0.076800     2.679307   3.2 6 1.16e-008   1   4  10  11  13  17  20  23  31  32 (0) V
RPF  0 1774 562757.000 10   4846257.158906   -330727.429937   4120743.133644       3.398739     2.705987   3.2 6 1.09e-008   1   4  10  11  13  17  20  23  31  32 (0) V
RPF  0 1774 562758.000 10   4846257.485081   -330728.610694   4120741.907984       3.036216     2.643846   3.2 6 1.07e-008   1   4  10  11  13  17  20  23  31  32 (0) V
RPF  0 1774 562759.000 10   4846257.162683   -330728.010071   4120740.540063       2.205880     2.545219   3.2 6 8.30e-009   1   4  10  11  13  17  20  23  31  32 (0) V
RPF  0 1774 562760.000 10   4846257.243078   -330727.959349   4120738.568934       0.735483     2.862850   3.2 6 9.41e-009   1   4  10  11  13  17  20  23  31  32 (0) V
RPF  0 1774 562761.000 10   4846257.937856   -330727.598574   4120742.980827       3.714315     2.667530   3.2 6 1.16e-008   1   4  10  11  13  17  20  23  31  32 (0) V
RPF  0 1774 562762.000 10   4846257.083187   -330728.388379   4120741.791408       2.604034     2.712596   3.2 6 1.59e-008   1   4  10  11  13  17  20  23  31  32 (0) V
RPF  0 1774 562763.000 10   4846255.011880   -330728.103485   4120739.029483      -0.271180     3.428649   3.2 6 1.05e-008   1   4  10  11  13  17  20  23  31  32 (0) V
RPF  0 1774 562764.000 10   4846257.047813   -330727.460069   4120740.382898       1.415372     2.869672   3.2 6 7.54e-009   1   4  10  11  13  17  20  23  31  32 (0) V
RPF  0 1774 562765.000 10   4846256.346706   -330727.938938   4120739.670643       0.644906     3.211192   3.2 6 1.22e-008   1   4  10  11  13  17  20  23  31  32 (0) V
RPF  0 1774 562766.000 10   4846256.704749   -330727.792037   4120739.470687       0.818924     2.630156   3.2 6 1.22e-008   1   4  10  11  13  17  20  23  31  32 (0) V
RPF  0 1774 562767.000 10   4846257.254284   -330729.135065   4120740.139698       2.039496     2.343814   3.2 6 1.05e-008   1   4  10  11  13  17  20  23  31  32 (0) V
RPF  0 1774 562768.000 10   4846258.328084   -330728.752329   4120741.750109       3.307275     1.842182   3.2 6 1.04e-008   1   4  10  11  13  17  20  23  31  32 (0) V
RPF  0 1774 562769.000 10   4846257.390129   -330728.552810   4120738.400686       1.290988     2.168713   3.2 6 1.22e-008   1   4  10  11  13  17  20  23  31  32 (0) V
RPF  0 1774 562770.000 10   4846259.241727   -330728.415137   4120739.821584       2.663740     1.927941   3.2 6 6.73e-009   1   4  10  11  13  17  20  23  31  32 (0) V
RPF  0 1774 562771.000 10   4846260.103666   -330728.357129   4120742.683407       4.425689     2.609999   3.2 6 1.03e-008   1   4  10  11  13  17  20  23  31  32 (0) V
RPF  0 1774 562772.000 10   4846259.946980   -330728.331507   4120741.634908       3.978123     2.909596   3.2 6 1.15e-008   1   4  10  11  13  17  20  23  31  32 (0) V
RPF  0 1774 562773.000 10   4846258.541745   -330727.733898   4120738.092197       1.402110     3.012379   3.2 6 1.27e-008   1   4  10  11  13  17  20  23  31  32 (0) V
RPF  0 1774 562774.000 10   4846256.728860   -330728.018150   4120738.800220       0.740603     3.372091   3.2 6 2.27e-008   1   4  10  11  13  17  20  23  31  32 (0) V
RPF  0 1774 562775.000 10   4846258.538799   -330727.775067   4120740.958435       2.959365     2.215454   3.2 6 9.41e-009   1   4  10  11  13  17  20  23  31  32 (0) V
RPF  0 1774 562776.000 10   4846258.877845   -330728.202076   4120740.958481       3.067400     2.434431   3.2 6 8.70e-009   1   4  10  11  13  17  20  23  31  32 (0) V
RPF  0 1774 562777.000 10   4846258.747487   -330728.175354   4120739.717730       2.201464     2.524001   3.2 6 1.33e-008   1   4  10  11  13  17  20  23  31  32 (0) V
RPF  0 1774 562778.000 10   4846258.530801   -330728.323839   4120738.416847       1.384981     3.039299   3.2 6 1.64e-008   1   4  10  11  13  17  20  23  31  32 (0) V
RPF  0 1774 562779.000 10   4846259.232440   -330728.445515   4120740.853774       2.796147     2.750491   3.2 6 1.23e-008   1   4  10  11  13  17  20  23  31  32 (0) V
RPF  0 1774 562780.000 10   4846258.728673   -330727.673438   4120738.900063       1.693683     2.933767   3.2 6 1.00e-008   1   4  10  11  13  17  20  23  31  32 (0) V
RPF  0 1774 562781.000 10   4846259.211780   -330728.271182   4120741.068056       3.212381     2.562127   3.2 6 6.73e-009   1   4  10  11  13  17  20  23  31  32 (0) V
RPF  0 1774 562782.000 10   4846259.737190   -330727.415870   4120739.402026       2.436173     2.793294   3.2 6 1.09e-008   1   4  10  11  13  17  20  23  31  32 (0) V
RPF  0 1774 562783.000 10   4846259.167051   -330727.508422   4120740.868026       3.280931     2.542155   3.2 6 8.04e-009   1   4  10  11  13  17  20  23  31  32 (0) V
RPF  0 1774 562784.000 10   4846258.130840   -330727.957244   4120740.213387       2.336717     2.135346   3.2 6 6.77e-009   1   4  10  11  13  17  20  23  31  32 (0) V
RPF  0 1774 562785.000 10   4846257.462509   -330728.091871   4120739.767383       2.174754     2.532629   3.2 6 1.75e-008   1   4  10  11  13  17  20  23  31  32 (0) V
RPF  0 1774 562786.000 10   4846258.407420   -330727.883955   4120739.655407       2.230393     2.304020   3.2 6 3.58e-009   1   4  10  11  13  17  20  23  31  32 (0) V
RPF  0 1774 562787.000 10   4846257.357777   -330728.068187   4120737.027832       0.764940     2.248916   3.2 6 5.88e-009   1   4  10  11  13  17  20  23  31  32 (0) V
RPF  0 1774 562788.000 10   4846257.253421   -330727.688768   4120738.797381       1.434895     2.109827   3.2 6 1.02e-008   1   4  10  11  13  17  20  23  31  32 (0) V
RPF  0 1774 562789.000 10   4846257.051566   -330727.092805   4120739.974094       2.025555     2.190995   3.2 6 1.92e-008   1   4  10  11  13  17  20  23  31  32 (0) V
RPF  0 1774 562790.000 10   4846258.023203   -330726.312338   4120737.735822       1.631769     2.789366   3.2 6 1.26e-008   1   4  10  11  13  17  20  23  31  32 (0) V
RPF  0 1774 562791.000 10   4846260.001405   -330726.832011   4120739.850978       3.266891     2.681829   3.2 6 9.28e-009   1   4  10  11  13  17  20  23  31  32 (0) V
RPF  0 1774 562792.000 10   4846258.924070   -330727.846323   4120738.306337       2.074801     2.540907   3.2 6 1.25e-008   1   4  10  11  13  17  20  23  31  32 (0) V
RPF  0 1774 562793.000 10   4846259.482375   -330727.980430   4120742.010364       3.957315     2.254438   3.2 6 7.65e-009   1   4  10  11  13  17  20  23  31  32 (0) V
RPF  0 1774 562794.000 10   4846260.808293   -330727.554784   4120741.276636       3.970399     1.765510   3.2 6 9.31e-009   1   4  10  11  13  17  20  23  31  32 (0) V
RPF  0 1774 562795.000 10   4846259.967684   -330728.168411   4120737.999230       2.624645     2.735035   3.2 6 1.01e-008   1   4  10  11  13  17  20  23  31  32 (0) V
RPF  0 1774 562796.000 10   4846258.362200   -330728.381825   4120736.746492       1.221753     2.215016   3.2 6 8.12e-009   1   4  10  11  13  17  20  23  31  32 (0) V
RPF  0 1774 562797.000 10   4846259.067873   -330727.935353   4120739.581327       2.662432     1.969385   3.2 6 8.46e-009   1   4  10  11  13  17  20  23  31  32 (0) V
RPF  0 1774 562798.000 10   4846258.790689   -330728.653117   4120741.736009       3.526441     1.457151   3.2 6 1.61e-008   1   4  10  11  13  17  20  23  31  32 (0) V
RPF  0 1774 562799.000 10   4846258.813125   -330727.700004   4120738.409062       1.891999     2.181488   3.2 6 8.45e-009   1   4  10  11  13  17  20  23  31  32 (0) V
RPF  0 1774 562800.000 10   4846258.861522   -330727.792497   4120738.678216       1.783427     1.952236   3.2 6 9.81e-009   1   4  10  11  13  17  20  23  31  32 (0) V
RPF  0 1774 562801.000 10   4846258.144015   -330728.348836   4120740.212917       2.311823     1.598010   3.2 6 1.72e-008   1   4  10  11  13  17  20  23  31  32 (0) V
RPF  0 1774 562802.000 10   4846260.782068   -330727.215803   4120740.205163       3.612406     1.926849   3.2 6 8.59e-009   1   4  10  11  13  17  20  23  31  32 (0) V
RPF  0 1774 562803.000 10   4846257.139925   -330727.310499   4120734.985610      -0.270003     2.458470   3.2 6 1.34e-008   1   4  10  11  13  17  20  23  31  32 (0) V
RPF  0 1774 562804.000 10   4846259.881927   -330727.268819   4120737.927433       2.077566     2.428523   3.2 6 7.46e-009   1   4  10  11  13  17  20  23  31  32 (0) V
RPF  0 1774 562805.000 10   4846260.223532   -330728.072111   4120739.118405       2.393540     1.239695   3.2 6 1.05e-008   1   4  10  11  13  17  20  23  31  32 (0) V
RPF  0 1774 562806.000 10   4846261.022779   -330727.631857   4120739.833168       3.676157     2.053474   3.2 6 1.86e-008   1   4  10  11  13  17  20  23  31  32 (0) V
RPF  0 1774 562807.000 10   4846260.552533   -330728.174962   4120737.337991       2.347973     1.646683   3.2 6 1.48e-008   1   4  10  11  13  17  20  23  31  32 (0) V
RPF  0 1774 562808.000 10   4846260.317285   -330727.261142   4120739.305945       2.995824     2.057932   3.2 6 1.86e-008   1   4  10  11  13  17  20  23  31  32 (0) V
RPF  0 1774 562809.000 10   4846258.091268   -330728.045601   4120737.873044       1.153707     2.866275   3.2 6 7.06e-009   1   4  10  11  13  17  20  23  31  32 (0) V
RPF  0 1774 562810.000 10   4846259.318168   -330727.520389   4120739.548478       2.721358     2.413515   3.2 6 1.27e-008   1   4  10  11  13  17  20  23  31  32 (0) V
RPF  0 1774 562811.000 10   4846260.398674   -330728.235953   4120741.309264       3.751991     1.549814   3.2 6 1.80e-008   1   4  10  11  13  17  20  23  31  32 (0) V
RPF  0 1774 562812.000 10   4846258.759739   -330729.223904   4120739.299010       2.399957     2.193519   3.2 6 1.71e-008   1   4  10  11  13  17  20  23  31  32 (0) V
RPF  0 1774 562813.000 10   4846258.736253   -330727.889252   4120737.116990       1.403206     2.529776   3.2 6 1.09e-008   1   4  10  11  13  17  20  23  31  32 (0) V
RPF  0 1774 562814.000 10   4846257.194669   -330728.527174   4120739.084169       1.596119     2.291760   3.2 6 1.02e-008   1   4  10  11  13  17  20  23  31  32 (0) V
RPF  0 1774 562815.000 10   4846258.112828   -330728.938488   4120738.820561       1.967704     2.353189   3.2 6 1.71e-008   1   4  10  11  13  17  20  23  31  32 (0) V
RPF  0 1774 562816.000 10   4846256.747978   -330728.413495   4120736.610782       0.201962     2.263175   3.2 6 1.83e-008   1   4  10  11  13  17  20  23  31  32 (0) V
RPF  0 1774 562817.000 10   4846257.694653   -330727.279831   4120737.323121       1.206436     2.676237   3.2 6 1.48e-008   1   4  10  11  13  17  20  23  31  32 (0) V
RPF  0 1774 562818.000 10   4846258.080469   -330727.961852   4120739.841030       2.308907     2.439633   3.2 6 1.30e-008   1   4  10  11  13  17  20  23  31  32 (0) V
RPF  0 1774 562819.000 10   4846258.421456   -330728.023913   4120739.174502       2.257662     2.492481   3.2 6 8.25e-009   1   4  10  11  13  17  20  23  31  32 (0) V
RPF  0 1774 562820.000 10   4846257.772223   -330727.815111   4120738.576468       1.046633     2.929650   3.2 6 9.39e-009   1   4  10  11  13  17  20  23  31  32 (0) V
RPF  0 1774 562821.000 10   4846258.833038   -330727.134025   4120738.583635       1.985870     2.530145   3.2 6 1.05e-008   1   4  10  11  13  17  20  23  31  32 (0) V
RPF  0 1774 562822.000 10   4846258.445696   -330727.896785   4120738.022385       1.595275     2.616288   3.2 6 1.00e-008   1   4  10  11  13  17  20  23  31  32 (0) V
RPF  0 1774 562823.000 10   4846258.292861   -330728.849169   4120738.523122       1.745688     2.439036   3.2 6 6.58e-009   1   4  10  11  13  17  20  23  31  32 (0) V
RPF  0 1774 562824.000 10   4846258.712511   -330728.100158   4120741.875186       3.367079     2.739578   3.2 6 1.05e-008   1   4  10  11  13  17  20  23  31  32 (0) V
RPF  0 1774 562825.000 10   4846255.976614   -330728.448383   4120738.296493       0.179738     2.258012   3.2 6 1.60e-008   1   4  10  11  13  17  20  23  31  32 (0) V
RPF  0 1774 562826.000 10   4846255.751137   -330728.381562   4120736.934661      -0.185355     2.417842   3.2 6 9.04e-009   1   4  10  11  13  17  20  23  31  32 (0) V
RPF  0 1774 562827.000 10   4846255.984828   -330729.458337   4120738.684211       0.362807     2.445596   3.2 6 1.13e-008   1   4  10  11  13  17  20  23  31  32 (0) V
RPF  0 1774 562828.000 10   4846258.001564   -330728.509796   4120742.027262       3.024159     2.392964   3.2 6 1.27e-008   1   4  10  11  13  17  20  23  31  32 (0) V
RPF  0 1774 562829.000 10   4846257.890054   -330728.531124   4120738.880663       1.766681     2.567967   3.2 6 7.77e-009   1   4  10  11  13  17  20  23  31  32 (0) V
RPF  0 1774 562830.000 10   4846257.817532   -330727.946219   4120736.525574       0.894867     2.818962   3.2 6 1.42e-008   1   4  10  11  13  17  20  23  31  32 (0) V
RPF  0 1774 562831.000 10   4846259.162815   -330729.364644   4120742.725363       3.915900     2.259465   3.2 6 9.01e-009   1   4  10  11  13  17  20  23  31  32 (0) V
RPF  0 1774 562832.000 10   4846258.160979   -330728.862629   4120741.401708       3.019810     2.056693   3.2 6 9.46e-009   1   4  10  11  13  17  20  23  31  32 (0) V
RPF  0 1774 562833.000 10   4846259.678411   -330728.861955   4120739.022770       2.573067     2.898793   3.2 6 8.78e-009   1   4  10  11  13  17  20  23  31  32 (0) V
RPF  0 1774 562834.000 10   4846258.795804   -330729.919763   4120740.171959       2.571607     2.087732   3.2 6 1.53e-008   1   4  10  11  13  17  20  23  31  32 (0) V
RPF  0 1774 562835.000 10   4846258.269916   -330728.507258   4120740.993071       2.750512     2.741816   3.2 6 1.40e-008   1   4  10  11  13  17  20  23  31  32 (0) V
RPF  0 1774 562836.000 10   4846259.182155   -330728.501518   4120739.503370       2.562502     3.185154   3.2 6 1.34e-008   1   4  10  11  13  17  20  23  31  32 (0) V
RPF  0 1774 562837.000 10   4846259.027139   -330728.628074   4120740.537213       2.760971     2.138093   3.2 6 1.13e-008   1   4  10  11  13  17  20  23  31  32 (0) V
RPF  0 1774 562838.000 10   4846258.269359   -330728.716229   4120742.914318       3.630643     2.642348   3.2 6 1.56e-008   1   4  10  11  13  17  20  23  31  32 (0) V
RPF  0 1774 562839.000 10   4846256.402979   -330727.958398   4120740.885755       2.025949     2.463900   3.1 6 1.63e-008   1   4  10  11  13  17  20  23  31  32 (0) V
RPF  0 1774 562840.000 10   4846256.082162   -330728.621400   4120738.744351       0.322561     3.275705   3.1 6 7.69e-009   1   4  10  11  13  17  20  23  31  32 (0) V
RPF  0 1774 562841.000 10   4846256.821919   -330729.291106   4120741.444100       2.588209     2.475432   3.1 6 6.66e-009   1   4  10  11  13  17  20  23  31  32 (0) V
RPF  0 1774 562842.000 10   4846256.338950   -330729.572587   4120740.996199       1.930635     2.728732   3.1 6 1.79e-008   1   4  10  11  13  17  20  23  31  32 (0) V
RPF  0 1774 562843.000 10   4846253.849517   -330729.176059   4120738.532181      -0.975186     3.461031   3.1 6 1.58e-008   1   4  10  11  13  17  20  23  31  32 (0) V
RPF  0 1774 562844.000 10   4846253.523333   -330727.782973   4120737.161398      -1.437500     3.103919   3.1 6 1.39e-008   1   4  10  11  13  17  20  23  31  32 (0) V
RPF  0 1774 562845.000 10   4846255.053750   -330727.953537   4120738.191528      -0.460917     3.216082   3.1 6 9.75e-009   1   4  10  11  13  17  20  23  31  32 (0) V
RPF  0 1774 562846.000 10   4846256.317398   -330728.348241   4120739.603641       1.525975     1.911195   3.1 6 1.03e-008   1   4  10  11  13  17  20  23  31  32 (0) V
RPF  0 1774 562847.000 10   4846257.308165   -330728.087235   4120738.943110       0.968216     2.445858   3.1 6 1.06e-008   1   4  10  11  13  17  20  23  31  32 (0) V
RPF  0 1774 562848.000 10   4846256.574653   -330727.882450   4120738.797088       0.669004     2.478128   3.1 6 1.49e-008   1   4  10  11  13  17  20  23  31  32 (0) V
RPF  0 1774 562849.000 10   4846259.298810   -330728.541348   4120739.791658       2.579850     2.453569   3.1 6 8.99e-009   1   4  10  11  13  17  20  23  31  32 (0) V
RPF  0 1774 562850.000 10   4846256.916077   -330728.707165   4120738.318232       0.741524     2.608126   3.1 6 1.46e-008   1   4  10  11  13  17  20  23  31  32 (0) V
RPF  0 1774 562851.000 10   4846258.316196   -330728.313835   4120740.105804       2.572585     2.210422   3.1 6 8.13e-009   1   4  10  11  13  17  20  23  31  32 (0) V
RPF  0 1774 562852.000 10   4846257.409410   -330728.064084   4120741.085518       2.531900     2.410568   3.1 6 1.31e-008   1   4  10  11  13  17  20  23  31  32 (0) V
RPF  0 1774 562853.000 10   4846255.854583   -330727.674743   4120735.559648      -0.715584     2.770095   3.1 6 9.95e-009   1   4  10  11  13  17  20  23  31  32 (0) V
RPF  0 1774 562854.000 10   4846257.618800   -330728.614041   4120738.869874       1.617135     1.794313   3.1 6 1.03e-008   1   4  10  11  13  17  20  23  31  32 (0) V
RPF  0 1774 562855.000 10   4846258.364694   -330728.417353   4120741.302081       2.947443     1.927562   3.1 6 4.20e-009   1   4  10  11  13  17  20  23  31  32 (0) V
RPF  0 1774 562856.000 10   4846257.999935   -330727.640833   4120740.376199       2.469901     2.357448   3.1 6 4.29e-009   1   4  10  11  13  17  20  23  31  32 (0) V
RPF  0 1774 562857.000 10   4846257.990126   -330728.811301   4120737.878651       1.159785     2.716575   3.1 6 1.51e-008   1   4  10  11  13  17  20  23  31  32 (0) V
RPF  0 1774 562858.000 10   4846257.506964   -330727.815679   4120737.754629       0.707625     2.981748   3.1 6 7.64e-009   1   4  10  11  13  17  20  23  31  32 (0) V
RPF  0 1774 562859.000 10   4846258.847437   -330728.651625   4120739.879290       2.631425     2.996600   3.1 6 6.35e-009   1   4  10  11  13  17  20  23  31  32 (0) V
RPF  0 1774 562860.000 10   4846257.716837   -330728.944563   4120737.496077       1.087004     1.917712   3.1 6 9.28e-009   1   4  10  11  13  17  20  23  31  32 (0) V
RPF  0 1774 562861.000 10   4846257.514259   -330728.538777   4120736.588518       0.807158     2.604701   3.1 6 1.73e-008   1   4  10  11  13  17  20  23  31  32 (0) V
RPF  0 1774 562862.000 10   4846258.576137   -330728.831617   4120738.405015       1.716577     2.011552   3.1 6 1.25e-008   1   4  10  11  13  17  20  23  31  32 (0) V
RPF  0 1774 562863.000 10   4846258.941286   -330728.209345   4120739.120900       2.358285     1.804595   3.1 6 1.52e-008   1   4  10  11  13  17  20  23  31  32 (0) V
RPF  0 1774 562864.000 10   4846260.476692   -330729.186792   4120739.355338       3.157152     1.360313   3.1 6 1.10e-008   1   4  10  11  13  17  20  23  31  32 (0) V
RPF  0 1774 562865.000 10   4846258.542866   -330728.491520   4120738.540493       1.516740     1.627428   3.1 6 1.43e-008   1   4  10  11  13  17  20  23  31  32 (0) V
RPF  0 1774 562866.000 10   4846259.282263   -330727.528110   4120737.827003       1.872543     2.082682   3.1 6 1.28e-008   1   4  10  11  13  17  20  23  31  32 (0) V
RPF  0 1774 562867.000 10   4846258.489339   -330729.403942   4120737.582822       1.271298     1.373651   3.1 6 1.05e-008   1   4  10  11  13  17  20  23  31  32 (0) V
RPF  0 1774 562868.000 10   4846258.157963   -330728.529173   4120737.352974       0.850019     2.297681   3.1 6 1.42e-008   1   4  10  11  13  17  20  23  31  32 (0) V
RPF  0 1774 562869.000 10   4846257.970707   -330728.642814   4120739.965395       2.287309     1.931691   3.1 6 1.21e-008   1   4  10  11  13  17  20  23  31  32 (0) V
RPF  0 1774 562870.000 10   4846257.237377   -330728.351735   4120738.732465       1.336362     2.141207   3.1 6 1.94e-008   1   4  10  11  13  17  20  23  31  32 (0) V
RPF  0 1774 562871.000 10   4846257.509665   -330728.164746   4120736.476957       0.864378     2.696970   3.1 6 1.00e-008   1   4  10  11  13  17  20  23  31  32 (0) V
RPF  0 1774 562872.000 10   4846258.113595   -330729.165198   4120738.901870       1.978814     2.580830   3.1 6 1.57e-008   1   4  10  11  13  17  20  23  31  32 (0) V
RPF  0 1774 562873.000 10   4846258.346765   -330728.774222   4120740.390698       2.681467     2.116180   3.1 6 1.68e-008   1   4  10  11  13  17  20  23  31  32 (0) V
RPF  0 1774 562874.000 10   4846258.498328   -330728.374751   4120737.367763       1.514261     2.378744   3.1 6 8.61e-009   1   4  10  11  13  17  20  23  31  32 (0) V
RPF  0 1774 562875.000 10   4846259.064512   -330728.029537   4120737.454306       1.668859     2.127251   3.1 6 7.46e-009   1   4  10  11  13  17  20  23  31  32 (0) V
RPF  0 1774 562876.000 10   4846258.957915   -330727.901767   4120737.828215       1.815720     2.363187   3.1 6 1.00e-008   1   4  10  11  13  17  20  23  31  32 (0) V
RPF  0 1774 562877.000 10   4846259.045143   -330728.151023   4120739.021007       2.377915     1.523832   3.1 6 1.52e-008   1   4  10  11  13  17  20  23  31  32 (0) V
RPF  0 1774 562878.000 10   4846258.926097   -330727.547808   4120738.087699       1.978877     2.368255   3.1 6 1.26e-008   1   4  10  11  13  17  20  23  31  32 (0) V
RPF  0 1774 562879.000 10   4846259.286604   -330727.085966   4120738.590507       2.299759     1.969836   3.1 6 1.16e-008   1   4  10  11  13  17  20  23  31  32 (0) V
RPF  0 1774 562880.000 10   4846258.374641   -330727.243179   4120738.041195       1.647802     2.443868   3.1 6 9.57e-009   1   4  10  11  13  17  20  23  31  32 (0) V
RPF  0 1774 562881.000 10   4846259.326849   -330728.054791   4120737.891731       1.989518     2.574806   3.1 6 9.85e-009   1   4  10  11  13  17  20  23  31  32 (0) V
RPF  0 1774 562882.000 10   4846259.092978   -330727.237242   4120740.000128       2.780838     3.065467   3.1 6 1.03e-008   1   4  10  11  13  17  20  23  31  32 (0) V
RPF  0 1774 562883.000 10   4846261.085944   -330727.745611   4120742.167737       4.668685     2.266356   3.1 6 1.26e-008   1   4  10  11  13  17  20  23  31  32 (0) V
RPF  0 1774 562884.000 10   4846258.076903   -330727.970803   4120739.812223       2.265570     2.399896   3.1 6 1.68e-008   1   4  10  11  13  17  20  23  31  32 (0) V
RPF  0 1774 562885.000 10   4846256.364464   -330726.708129   4120739.157508       0.520741     2.373306   3.1 6 6.55e-009   1   4  10  11  13  17  20  23  31  32 (0) V
RPF  0 1774 562886.000 10   4846255.776339   -330727.606918   4120738.038672      -0.142356     2.519941   3.1 6 1.14e-008   1   4  10  11  13  17  20  23  31  32 (0) V
RPF  0 1774 562887.000 10   4846258.232605   -330727.638061   4120739.706955       1.960625     2.278688   3.1 6 1.78e-008   1   4  10  11  13  17  20  23  31  32 (0) V
RPF  0 1774 562888.000 10   4846258.781313   -330727.340110   4120741.161517       2.834748     2.784307   3.1 6 4.36e-009   1   4  10  11  13  17  20  23  31  32 (0) V
RPF  0 1774 562889.000 10   4846256.555692   -330727.723557   4120740.312594       1.020657     2.916206   3.1 6 9.74e-009   1   4  10  11  13  17  20  23  31  32 (0) V
RPF  0 1774 562890.000 10   4846258.544102   -330727.766260   4120739.315961       2.075987     2.768416   3.1 6 1.07e-008   1   4  10  11  13  17  20  23  31  32 (0) V
RPF  0 1774 562891.000 10   4846257.887418   -330727.836743   4120741.506423       2.818412     2.866037   3.1 6 2.13e-008   1   4  10  11  13  17  20  23  31  32 (0) V
RPF  0 1774 562892.000 10   4846259.064861   -330728.318099   4120740.030979       2.618060     2.193019   3.1 6 1.75e-008   1   4  10  11  13  17  20  23  31  32 (0) V
RPF  0 1774 562893.000 10   4846259.913469   -330727.897892   4120741.218782       3.616215     2.756512   3.1 6 5.53e-009   1   4  10  11  13  17  20  23  31  32 (0) V
RPF  0 1774 562894.000 10   4846257.189768   -330728.305610   4120737.669211       0.531017     2.807049   3.1 6 1.65e-008   1   4  10  11  13  17  20  23  31  32 (0) V
RPF  0 1774 562895.000 10   4846257.824873   -330727.882932   4120738.724117       1.394298     2.507620   3.1 6 1.50e-008   1   4  10  11  13  17  20  23  31  32 (0) V
RPF  0 1774 562896.000 10   4846258.666159   -330728.495497   4120740.344611       2.801696     1.964046   3.1 6 6.51e-009   1   4  10  11  13  17  20  23  31  32 (0) V
RPF  0 1774 562897.000 10   4846257.719038   -330727.474370   4120739.695567       2.109975     2.778889   3.1 6 1.31e-008   1   4  10  11  13  17  20  23  31  32 (0) V
RPF  0 1774 562898.000 10   4846257.485237   -330729.020689   4120737.748933       1.208630     2.429230   3.1 6 9.44e-009   1   4  10  11  13  17  20  23  31  32 (0) V
RPF  0 1774 562899.000 10   4846258.253695   -330727.979378   4120738.486197       1.736502     2.483529   3.1 6 8.29e-009   1   4  10  11  13  17  20  23  31  32 (0) V
RPF  0 1774 562900.000 10   4846259.263352   -330728.071572   4120739.723894       2.723144     2.139723   3.1 6 2.22e-008   1   4  10  11  13  17  20  23  31  32 (0) V
RPF  0 1774 562901.000 10   4846257.858760   -330727.973200   4120737.583772       0.882229     2.490753   3.1 6 9.46e-009   1   4  10  11  13  17  20  23  31  32 (0) V
RPF  0 1774 562902.000 10   4846258.322236   -330728.270665   4120739.186572       2.095429     2.766018   3.1 6 1.15e-008   1   4  10  11  13  17  20  23  31  32 (0) V
RPF  0 1774 562903.000 10   4846258.414941   -330728.775651   4120739.715919       2.432830     2.570961   3.1 6 1.25e-008   1   4  10  11  13  17  20  23  31  32 (0) V
RPF  0 1774 562904.000 10   4846258.884615   -330728.790764   4120742.012400       3.496772     2.359966   3.1 6 1.59e-008   1   4  10  11  13  17  20  23  31  32 (0) V
RPF  0 1774 562905.000 10   4846259.685785   -330728.332348   4120740.313539       3.116382     1.996129   3.1 6 8.68e-009   1   4  10  11  13  17  20  23  31  32 (0) V
RPF  0 1774 562906.000 10   4846260.146739   -330729.208708   4120742.131359       4.155163     2.074425   3.1 6 1.01e-008   1   4  10  11  13  17  20  23  31  32 (0) V
RPF  0 1774 562907.000 10   4846259.414723   -330729.058471   4120741.504111       3.703170     1.770370   3.1 6 1.28e-008   1   4  10  11  13  17  20  23  31  32 (0) V
RPF  0 1774 562908.000 10   4846259.583582   -330728.769367   4120740.435283       3.250691     1.827002   3.1 6 1.95e-008   1   4  10  11  13  17  20  23  31  32 (0) V
RPF  0 1774 562909.000 10   4846259.669206   -330728.364397   4120741.227216       3.508266     2.184619   3.1 6 1.37e-008   1   4  10  11  13  17  20  23  31  32 (0) V
RPF  0 1774 562910.000 10   4846260.402097   -330727.139267   4120743.005695       4.869754     2.055216   3.1 6 1.03e-008   1   4  10  11  13  17  20  23  31  32 (0) V
RPF  0 1774 562911.000 10   4846259.916895   -330727.843774   4120741.102418       3.782196     1.713563   3.1 6 1.55e-008   1   4  10  11  13  17  20  23  31  32 (0) V
RPF  0 1774 562912.000 10   4846259.769603   -330727.857135   4120739.855790       2.760219     2.715482   3.1 6 1.15e-008   1   4  10  11  13  17  20  23  31  32 (0) V
RPF  0 1774 562913.000 10   4846259.603140   -330728.026527   4120740.405563       3.241996     2.008365   3.1 6 1.01e-008   1   4  10  11  13  17  20  23  31  32 (0) V
RPF  0 1774 562914.000 10   4846261.635527   -330729.080985   4120742.733131       4.967465     1.915249   3.1 6 1.08e-008   1   4  10  11  13  17  20  23  31  32 (0) V
RPF  0 1774 562915.000 10   4846257.997554   -330728.567879   4120739.277905       1.844487     2.390967   3.1 6 1.69e-008   1   4  10  11  13  17  20  23  31  32 (0) V
RPF  0 1774 562916.000 10   4846259.597747   -330728.609615   4120740.492393       3.292654     1.852920   3.1 6 8.62e-009   1   4  10  11  13  17  20  23  31  32 (0) V
RPF  0 1774 562917.000 10   4846261.068581   -330727.889547   4120742.530134       4.749078     1.866758   3.1 6 1.56e-008   1   4  10  11  13  17  20  23  31  32 (0) V
RPF  0 1774 562918.000 10   4846258.960118   -330727.546362   4120739.006886       2.203735     2.275817   3.1 6 1.01e-008   1   4  10  11  13  17  20  23  31  32 (0) V
RPF  0 1774 562919.000 10   4846257.293280   -330727.715806   4120737.173317       0.520506     3.084254   3.1 6 1.24e-008   1   4  10  11  13  17  20  23  31  32 (0) V
RPF  0 1774 562920.000 10   4846259.351857   -330728.035883   4120741.753988       3.643893     2.125513   3.1 6 9.85e-009   1   4  10  11  13  17  20  23  31  32 (0) V
RPF  0 1774 562921.000 10   4846258.399109   -330728.171005   4120742.004135       3.446784     2.518198   3.1 6 8.41e-009   1   4  10  11  13  17  20  23  31  32 (0) V
RPF  0 1774 562922.000 10   4846258.691061   -330728.055066   4120738.266811       1.740973     2.319148   3.1 6 2.09e-008   1   4  10  11  13  17  20  23  31  32 (0) V
RPF  0 1774 562923.000 10   4846258.476764   -330727.651148   4120739.240959       2.123364     2.409474   3.1 6 1.30e-008   1   4  10  11  13  17  20  23  31  32 (0) V
RPF  0 1774 562924.000 10   4846259.497655   -330728.537908   4120743.538599       4.438153     2.127854   3.1 6 2.06e-008   1   4  10  11  13  17  20  23  31  32 (0) V
RPF  0 1774 562925.000 10   4846260.210582   -330728.620306   4120742.115672       3.949491     2.053307   3.1 6 1.21e-008   1   4  10  11  13  17  20  23  31  32 (0) V
RPF  0 1774 562926.000 10   4846259.904196   -330728.303248   4120739.839061       2.873377     2.114856   3.1 6 1.54e-008   1   4  10  11  13  17  20  23  31  32 (0) V
RPF  0 1774 562927.000 10   4846259.065685   -330728.435220   4120741.425493       3.357644     2.059502   3.1 6 1.62e-008   1   4  10  11  13  17  20  23  31  32 (0) V
RPF  0 1774 562928.000 10   4846259.598818   -330728.236722   4120741.889788       3.773055     1.842804   3.1 6 2.33e-008   1   4  10  11  13  17  20  23  31  32 (0) V
RPF  0 1774 562929.000 10   4846258.398325   -330728.709098   4120740.606946       2.622337     1.921668   3.1 6 1.61e-008   1   4  10  11  13  17  20  23  31  32 (0) V
RPF  0 1774 562930.000 10   4846258.408826   -330727.989532   4120739.804421       2.490568     1.539493   3.1 6 8.22e-009   1   4  10  11  13  17  20  23  31  32 (0) V
RPF  0 1774 562931.000 10   4846258.981874   -330728.642663   4120741.973864       3.394010     1.917296   3.1 6 1.04e-008   1   4  10  11  13  17  20  23  31  32 (0) V
RPF  0 1774 562932.000 10   4846259.254791   -330728.300290   4120741.968045       3.701097     1.415529   3.1 6 1.99e-008   1   4  10  11  13  17  20  23  31  32 (0) V
RPF  0 1774 562933.000 10   4846259.130813   -330728.316422   4120740.681155       3.189354     1.553159   3.1 6 1.41e-008   1   4  10  11  13  17  20  23  31  32 (0) V
RPF  0 1774 562934.000 10   4846259.167246   -330728.505330   4120740.924726       3.404246     1.696877   3.1 6 1.58e-008   1   4  10  11  13  17  20  23  31  32 (0) V
RPF  0 1774 562935.000 10   4846258.159894   -330729.397748   4120741.052037       2.747861     2.281631   3.1 6 5.63e-009   1   4  10  11  13  17  20  23  31  32 (0) V
RPF  0 1774 562936.000 10   4846259.473114   -330729.026900   4120741.111998       3.275702     1.695315   3.1 6 2.03e-008   1   4  10  11  13  17  20  23  31  32 (0) V
RPF  0 1774 562937.000 10   4846258.808092   -330729.030697   4120738.770609       2.170447     2.017789   3.1 6 1.46e-008   1   4  10  11  13  17  20  23  31  32 (0) V
RPF  0 1774 562938.000 10   4846259.244969   -330729.412780   4120742.019710       3.629792     1.640409   3.1 6 1.39e-008   1   4  10  11  13  17  20  23  31  32 (0) V
RPF  0 1774 562939.000 10   4846257.800536   -330728.401726   4120741.123123       2.695041     1.908565   3.1 6 1.03e-008   1   4  10  11  13  17  20  23  31  32 (0) V
RPF  0 1774 562940.000 10   4846258.475039   -330728.160780   4120740.395500       2.551702     1.822132   3.1 6 1.14e-008   1   4  10  11  13  17  20  23  31  32 (0) V
RPF  0 1774 562941.000 10   4846258.872867   -330728.722501   4120740.566240       2.769452     2.278721   3.1 6 2.15e-008   1   4  10  11  13  17  20  23  31  32 (0) V
RPF  0 1774 562942.000 10   4846261.079671   -330727.852039   4120741.791523       4.311397     1.674059   3.1 6 8.84e-009   1   4  10  11  13  17  20  23  31  32 (0) V
RPF  0 1774 562943.000 10   4846260.904349   -330727.319579   4120743.137659       4.932602     1.947098   3.1 6 9.54e-009   1   4  10  11  13  17  20  23  31  32 (0) V
RPF  0 1774 562944.000 10   4846257.907625   -330727.687392   4120741.981254       2.935599     2.094376   3.1 6 1.64e-008   1   4  10  11  13  17  20  23  31  32 (0) V
RPF  0 1774 562945.000 10   4846259.526786   -330728.417574   4120741.017648       3.481089     1.682109   3.1 6 1.25e-008   1   4  10  11  13  17  20  23  31  32 (0) V
RPF  0 1774 562946.000 10   4846259.637202   -330727.859573   4120741.289902       3.685726     1.582307   3.1 6 1.74e-008   1   4  10  11  13  17  20  23  31  32 (0) V
RPF  0 1774 562947.000 10   4846261.711111   -330728.145098   4120742.479393       5.030003     1.607000   3.1 6 2.28e-008   1   4  10  11  13  17  20  23  31  32 (0) V
RPF  0 1774 562948.000 10   4846258.925198   -330728.712331   4120739.418280       2.519979     1.552769   3.1 6 1.77e-008   1   4  10  11  13  17  20  23  31  32 (0) V
RPF  0 1774 562949.000 10   4846259.526665   -330728.857172   4120741.162913       3.322857     1.137667   3.1 6 1.23e-008   1   4  10  11  13  17  20  23  31  32 (0) V
RPF  0 1774 562950.000 10   4846260.406394   -330729.275532   4120742.039867       4.270673     1.564245   3.1 6 1.04e-008   1   4  10  11  13  17  20  23  31  32 (0) V
RPF  0 1774 562951.000 10   4846257.267195   -330728.340525   4120741.585631       2.453251     2.477845   3.1 6 1.30e-008   1   4  10  11  13  17  20  23  31  32 (0) V
RPF  0 1774 562952.000 10   4846256.398664   -330727.852167   4120740.613285       0.942952     3.440265   3.1 6 1.18e-008   1   4  10  11  13  17  20  23  31  32 (0) V
RPF  0 1774 562953.000 10   4846256.854325   -330728.170268   4120741.190607       1.195375     2.965259   3.1 6 1.19e-008   1   4  10  11  13  17  20  23  31  32 (0) V
RPF  0 1774 562954.000 10   4846255.787523   -330728.862368   4120742.132085       2.193753     3.123812   3.1 6 1.07e-008   1   4  10  11  13  17  20  23  31  32 (0) V
RPF  0 1774 562955.000 10   4846255.045480   -330727.821604   4120742.122629       0.543296     3.775894   3.1 6 2.73e-008   1   4  10  11  13  17  20  23  31  32 (0) V
RPF  0 1774 562956.000 10   4846255.351056   -330728.099453   4120740.973722       0.445279     3.305324   3.1 6 1.37e-008   1   4  10  11  13  17  20  23  31  32 (0) V
RPF  0 1774 562957.000 10   4846256.055750   -330728.534985   4120742.294359       1.145553     3.706904   3.1 6 1.62e-008   1   4  10  11  13  17  20  23  31  32 (0) V
RPF  0 1774 562958.000 10   4846256.938230   -330728.623377   4120741.804565       1.628325     3.049421   3.1 6 1.40e-008   1   4  10  11  13  17  20  23  31  32 (0) V
RPF  0 1774 562959.000 10   4846256.338050   -330728.405948   4120741.630745       0.930735     3.935827   3.1 6 1.55e-008   1   4  10  11  13  17  20  23  31  32 (0) V
RPF  0 1774 562960.000 10   4846258.027313   -330728.687247   4120739.457440       2.122647     2.627950   3.1 6 9.69e-009   1   4  10  11  13  17  20  23  31  32 (0) V
RPF  0 1774 562961.000 10   4846259.060133   -330728.743168   4120742.009493       3.470319     3.023948   3.1 6 1.01e-008   1   4  10  11  13  17  20  23  31  32 (0) V
RPF  0 1774 562962.000 10   4846257.486957   -330727.817428   4120740.816178       2.278890     2.631960   3.1 6 1.23e-008   1   4  10  11  13  17  20  23  31  32 (0) V
RPF  0 1774 562963.000 10   4846256.146742   -330727.858953   4120740.835633       1.857539     2.711878   3.1 6 1.53e-008   1   4  10  11  13  17  20  23  31  32 (0) V
RPF  0 1774 562964.000 10   4846257.625061   -330728.561210   4120741.494856       2.551799     2.542708   3.1 6 1.48e-008   1   4  10  11  13  17  20  23  31  32 (0) V
RPF  0 1774 562965.000 10   4846256.325577   -330729.168898   4120741.353465       2.107988     2.929718   3.1 6 1.02e-008   1   4  10  11  13  17  20  23  31  32 (0) V
RPF  0 1774 562966.000 10   4846256.523058   -330729.056981   4120741.034904       2.013875     2.697507   3.1 6 1.57e-008   1   4  10  11  13  17  20  23  31  32 (0) V
RPF  0 1774 562967.000 10   4846254.285926   -330727.912705   4120738.006247      -0.967672     3.298136   3.1 6 1.69e-008   1   4  10  11  13  17  20  23  31  32 (0) V
RPF  0 1774 562968.000 10   4846257.406754   -330728.907679   4120741.275397       2.569353     2.901345   3.1 6 1.96e-008   1   4  10  11  13  17  20  23  31  32 (0) V
RPF  0 1774 562969.000 10   4846256.350952   -330729.073030   4120742.616926       2.589876     3.253424   3.1 6 1.93e-008   1   4  10  11  13  17  20  23  31  32 (0) V
RPF  0 1774 562970.000 10   4846258.708713   -330728.488497   4120740.950126       3.010700     2.282875   3.1 6 1.36e-008   1   4  10  11  13  17  20  23  31  32 (0) V
RPF  0 1774 562971.000 10   4846258.288170   -330729.082947   4120738.958656       1.724768     2.740675   3.1 6 9.23e-009   1   4  10  11  13  17  20  23  31  32 (0) V
RPF  0 1774 562972.000 10   4846258.217319   -330729.552451   4120739.946235       2.254503     2.018575   3.1 6 1.76e-008   1   4  10  11  13  17  20  23  31  32 (0) V
RPF  0 1774 562973.000 10   4846261.324862   -330729.724156   4120742.113151       4.596366     1.376946   3.1 6 1.24e-008   1   4  10  11  13  17  20  23  31  32 (0) V
RPF  0 1774 562974.000 10   4846261.627664   -330729.443709   4120741.949454       4.667075     1.702025   3.1 6 1.79e-008   1   4  10  11  13  17  20  23  31  32 (0) V
RPF  0 1774 562975.000 10   4846261.153765   -330729.388185   4120740.810234       3.971368     1.743031   3.1 6 1.08e-008   1   4  10  11  13  17  20  23  31  32 (0) V
RPF  0 1774 562976.000 10   4846258.958627   -330728.701835   4120741.256593       3.048518     1.845234   3.1 6 1.66e-008   1   4  10  11  13  17  20  23  31  32 (0) V
RPF  0 1774 562977.000 10   4846262.345695   -330728.745446   4120743.760516       5.720488     1.697120   3.1 6 9.09e-009   1   4  10  11  13  17  20  23  31  32 (0) V
RPF  0 1774 562978.000 10   4846259.561447   -330728.142092   4120739.045782       2.354450     1.610472   3.1 6 1.00e-008   1   4  10  11  13  17  20  23  31  32 (0) V
RPF  0 1774 562979.000 10   4846260.897779   -330728.905923   4120741.512104       4.132100     1.741280   3.1 6 1.86e-008   1   4  10  11  13  17  20  23  31  32 (0) V
RPF  0 1774 562980.000 10   4846261.256937   -330728.456442   4120743.000977       4.926344     2.036887   3.1 6 1.54e-008   1   4  10  11  13  17  20  23  31  32 (0) V
RPF  0 1774 562981.000 10   4846260.677014   -330728.147629   4120743.605405       4.931654     2.003954   3.1 6 1.53e-008   1   4  10  11  13  17  20  23  31  32 (0) V
RPF  0 1774 562982.000 10   4846260.203908   -330727.899057   4120742.016472       3.932687     2.139600   3.1 6 1.40e-008   1   4  10  11  13  17  20  23  31  32 (0) V
RPF  0 1774 562983.000 10   4846260.734099   -330727.772084   4120741.730661       3.936128     2.241464   3.1 6 1.51e-008   1   4  10  11  13  17  20  23  31  32 (0) V
RPF  0 1774 562984.000 10   4846261.344550   -330727.991477   4120744.178223       5.365713     1.795392   3.1 6 1.15e-008   1   4  10  11  13  17  20  23  31  32 (0) V
RPF  0 1774 562985.000 10   4846262.405136   -330728.357971   4120744.558413       6.111861     1.693349   3.1 6 1.79e-008   1   4  10  11  13  17  20  23  31  32 (0) V
RPF  0 1774 562986.000 10   4846259.909749   -330728.041117   4120741.691709       3.859783     1.652118   3.1 6 1.36e-008   1   4  10  11  13  17  20  23  31  32 (0) V
RPF  0 1774 562987.000 10   4846261.837990   -330728.503765   4120743.638934       5.472190     1.601806   3.1 6 1.67e-008   1   4  10  11  13  17  20  23  31  32 (0) V
RPF  0 1774 562988.000 10   4846262.257338   -330727.972295   4120743.125095       5.354560     1.468162   3.1 6 9.97e-009   1   4  10  11  13  17  20  23  31  32 (0) V
RPF  0 1774 562989.000 10   4846260.834017   -330727.736711   4120743.494758       4.819227     1.768597   3.1 6 2.37e-008   1   4  10  11  13  17  20  23  31  32 (0) V
RPF  0 1774 562990.000 10   4846259.958137   -330728.410509   4120742.083824       3.981414     1.769371   3.1 6 1.71e-008   1   4  10  11  13  17  20  23  31  32 (0) V
RPF  0 1774 562991.000 10   4846260.870631   -330728.780259   4120744.101231       5.098364     1.865115   3.1 6 1.09e-008   1   4  10  11  13  17  20  23  31  32 (0) V
RPF  0 1774 562992.000 10   4846259.692433   -330727.535021   4120741.573109       3.605015     1.889360   3.1 6 9.80e-009   1   4  10  11  13  17  20  23  31  32 (0) V
RPF  0 1774 562993.000 10   4846258.976206   -330727.648797   4120739.720661       2.497259     2.155069   3.1 6 1.18e-008   1   4  10  11  13  17  20  23  31  32 (0) V
RPF  0 1774 562994.000 10   4846260.651970   -330728.663622   4120741.133672       3.829084     1.833001   3.1 6 1.74e-008   1   4  10  11  13  17  20  23  31  32 (0) V
RPF  0 1774 562995.000 10   4846260.962148   -330728.947367   4120744.705877       5.731517     2.148741   3.1 6 2.20e-008   1   4  10  11  13  17  20  23  31  32 (0) V
RPF  0 1774 562996.000 10   4846262.028901   -330728.813092   4120743.452431       5.256042     1.978340   3.1 6 1.36e-008   1   4  10  11  13  17  20  23  31  32 (0) V
RPF  0 1774 562997.000 10   4846260.755640   -330729.649633   4120739.342142       3.094852     2.662066   3.1 6 1.13e-008   1   4  10  11  13  17  20  23  31  32 (0) V
RPF  0 1774 562998.000 10   4846260.819443   -330728.802014   4120742.421092       4.238675     2.566203   3.1 6 1.87e-008   1   4  10  11  13  17  20  23  31  32 (0) V
RPF  0 1774 562999.000 10   4846260.120329   -330728.442724   4120743.118628       4.560798     1.766761   3.1 6 1.73e-008   1   4  10  11  13  17  20  23  31  32 (0) V
RPF  0 1774 563000.000 10   4846259.693048   -330728.693863   4120742.357866       3.989484     2.412027   3.1 6 1.68e-008   1   4  10  11  13  17  20  23  31  32 (0) V
RPF  0 1774 563001.000 10   4846260.102571   -330727.485378   4120740.673075       3.097030     2.625565   3.1 6 2.26e-008   1   4  10  11  13  17  20  23  31  32 (0) V
RPF  0 1774 563002.000 10   4846257.538829   -330727.962388   4120740.711674       2.081248     3.188705   3.1 6 1.80e-008   1   4  10  11  13  17  20  23  31  32 (0) V
RPF  0 1774 563003.000 10   4846259.992039   -330728.301915   4120742.934898       4.262729     2.457470   3.1 6 1.46e-008   1   4  10  11  13  17  20  23  31  32 (0) V
RPF  0 1774 563004.000 10   4846258.534660   -330728.000372   4120741.032445       2.923618     2.428041   3.1 6 1.89e-008   1   4  10  11  13  17  20  23  31  32 (0) V
RPF  0 1774 563005.000 10   4846258.024631   -330728.584545   4120739.746786       1.964312     2.743600   3.1 6 1.76e-008   1   4  10  11  13  17  20  23  31  32 (0) V
RPF  0 1774 563006.000 10   4846258.684666   -330728.128973   4120741.095295       2.810599     2.714340   3.1 6 1.38e-008   1   4  10  11  13  17  20  23  31  32 (0) V
RPF  0 1774 563007.000 10   4846258.019034   -330728.065364   4120740.872011       2.310279     2.418659   3.1 6 1.96e-008   1   4  10  11  13  17  20  23  31  32 (0) V
RPF  0 1774 563008.000 10   4846258.037251   -330727.696247   4120740.739592       2.221423     2.455689   3.1 6 2.36e-008   1   4  10  11  13  17  20  23  31  32 (0) V
RPF  0 1774 563009.000 10   4846258.351251   -330728.524478   4120742.188479       3.001525     2.415396   3.1 6 1.83e-008   1   4  10  11  13  17  20  23  31  32 (0) V
RPF  0 1774 563010.000 10   4846257.790540   -330728.598685   4120741.094755       2.542639     2.128844   3.1 6 2.01e-008   1   4  10  11  13  17  20  23  31  32 (0) V
RPF  0 1774 563011.000 10   4846257.636205   -330728.248471   4120741.420465       2.478832     2.340534   3.1 6 1.63e-008   1   4  10  11  13  17  20  23  31  32 (0) V
RPF  0 1774 563012.000 10   4846257.474716   -330729.508148   4120740.305889       2.021727     2.064278   3.1 6 1.62e-008   1   4  10  11  13  17  20  23  31  32 (0) V
RPF  0 1774 563013.000 10   4846257.796849   -330728.910900   4120740.261039       2.141504     2.506100   3.1 6 1.36e-008   1   4  10  11  13  17  20  23  31  32 (0) V
RPF  0 1774 563014.000 10   4846259.152383   -330728.197043   4120742.069836       3.529955     1.988947   3.1 6 1.99e-008   1   4  10  11  13  17  20  23  31  32 (0) V
RPF  0 1774 563015.000 10   4846257.674560   -330729.154979   4120741.633699       2.678989     2.202515   3.1 6 2.13e-008   1   4  10  11  13  17  20  23  31  32 (0) V
RPF  0 1774 563016.000 10   4846258.120467   -330728.949220   4120740.515342       2.459182     1.848322   3.1 6 1.59e-008   1   4  10  11  13  17  20  23  31  32 (0) V
RPF  0 1774 563017.000 10   4846259.707769   -330728.393951   4120744.029494       4.688760     2.081810   3.1 6 1.36e-008   1   4  10  11  13  17  20  23  31  32 (0) V
RPF  0 1774 563018.000 10   4846258.150699   -330729.090632   4120742.392586       3.181104     2.291312   3.1 6 2.28e-008   1   4  10  11  13  17  20  23  31  32 (0) V
RPF  0 1774 563019.000 10   4846257.819037   -330728.610422   4120742.477415       3.280001     2.365079   3.1 6 1.72e-008   1   4  10  11  13  17  20  23  31  32 (0) V
RPF  0 1774 563020.000 10   4846259.325192   -330728.803136   4120740.920663       3.150739     1.765710   3.1 6 9.68e-009   1   4  10  11  13  17  20  23  31  32 (0) V
RPF  0 1774 563021.000 10   4846260.198998   -330728.558189   4120741.671719       3.661636     1.857147   3.1 6 1.21e-008   1   4  10  11  13  17  20  23  31  32 (0) V
RPF  0 1774 563022.000 10   4846260.307602   -330728.789796   4120743.519285       4.593296     1.752151   3.1 6 6.49e-009   1   4  10  11  13  17  20  23  31  32 (0) V
RPF  0 1774 563023.000 10   4846258.647364   -330727.702507   4120743.052086       3.860759     2.289306   3.1 6 1.21e-008   1   4  10  11  13  17  20  23  31  32 (0) V
RPF  0 1774 563024.000 10   4846257.423830   -330727.116028   4120740.246120       1.239106     2.229276   3.1 6 1.54e-008   1   4  10  11  13  17  20  23  31  32 (0) V
RPF  0 1774 563025.000 10   4846260.062197   -330727.939073   4120742.141813       4.036733     1.959728   3.1 6 1.57e-008   1   4  10  11  13  17  20  23  31  32 (0) V
RPF  0 1774 563026.000 10   4846259.211033   -330728.867465   4120743.500761       4.158422     1.959772   3.1 6 1.26e-008   1   4  10  11  13  17  20  23  31  32 (0) V

Simple statistics on RAIM solution for all files
X :       N       = 300 not weighted
 Minimum =   4846253.523333 Maximum =   4846262.405136
 Average =   4846258.489793 Std Dev =         1.528649 Variance =         2.336767
Y :       N       = 300 not weighted
 Minimum =   -330729.919763 Maximum =   -330726.312338
 Average =   -330728.283516 Std Dev =         0.595310 Variance =         0.354394
Z :       N       = 300 not weighted
 Minimum =   4120734.985610 Maximum =   4120744.705877
 Average =   4120740.333282 Std Dev =         1.795820 Variance =         3.224971

Weighted average RAIM solution for all files
   4846258.499839   -330728.287431   4120740.349446    300
Covariance of RAIM solution for all files
         0.003113         0.000270         0.001798
         0.000270         0.000898         0.000293
         0.001798         0.000293         0.003340

Estimated data interval is 1.000000 seconds.
First epoch is 2014/01/11 12:18:47.000 = 1774 562727.000
Last  epoch is 2014/01/11 12:23:46.000 = 1774 563026.000
PRSolve timing: 0.533 seconds.
